This is pdfTeX, Version 3.14159265-2.6-1.40.20 (TeX Live 2019/Debian) (preloaded format=pdflatex 2023.3.10)  21 MAR 2023 02:00
entering extended mode
 restricted \write18 enabled.
 %&-line parsing enabled.
**co2_1997_Qian.tex
(./co2_1997_Qian.tex
LaTeX2e <2020-02-02> patch level 2
L3 programming layer <2020-02-14> (./AEA.cls
Document Class: AEA 2011/07/24 American Economic Association Article Classes
(/usr/share/texlive/texmf-dist/tex/latex/tools/multicol.sty
Package: multicol 2019/12/09 v1.8y multicolumn formatting (FMi)
\c@tracingmulticols=\count167
\mult@box=\box45
\multicol@leftmargin=\dimen134
\c@unbalance=\count168
\c@collectmore=\count169
\doublecol@number=\count170
\multicoltolerance=\count171
\multicolpretolerance=\count172
\full@width=\dimen135
\page@free=\dimen136
\premulticols=\dimen137
\postmulticols=\dimen138
\multicolsep=\skip47
\multicolbaselineskip=\skip48
\partial@page=\box46
\last@line=\box47
\maxbalancingoverflow=\dimen139
\mult@rightbox=\box48
\mult@grightbox=\box49
\mult@gfirstbox=\box50
\mult@firstbox=\box51
\@tempa=\box52
\@tempa=\box53
\@tempa=\box54
\@tempa=\box55
\@tempa=\box56
\@tempa=\box57
\@tempa=\box58
\@tempa=\box59
\@tempa=\box60
\@tempa=\box61
\@tempa=\box62
\@tempa=\box63
\@tempa=\box64
\@tempa=\box65
\@tempa=\box66
\@tempa=\box67
\@tempa=\box68
\@tempa=\box69
\@tempa=\box70
\@tempa=\box71
\@tempa=\box72
\@tempa=\box73
\@tempa=\box74
\@tempa=\box75
\@tempa=\box76
\@tempa=\box77
\@tempa=\box78
\@tempa=\box79
\@tempa=\box80
\@tempa=\box81
\@tempa=\box82
\@tempa=\box83
\@tempa=\box84
\@tempa=\box85
\@tempa=\box86
\@tempa=\box87
\@tempa=\box88
\c@minrows=\count173
\c@columnbadness=\count174
\c@finalcolumnbadness=\count175
\last@try=\dimen140
\multicolovershoot=\dimen141
\multicolundershoot=\dimen142
\mult@nat@firstbox=\box89
\colbreak@box=\box90
\mc@col@check@num=\count176
) (/usr/share/texlive/texmf-dist/tex/latex/setspace/setspace.sty
Package: setspace 2011/12/19 v6.7a set line spacing
) (/usr/share/texlive/texmf-dist/tex/latex/amsmath/amsmath.sty
Package: amsmath 2020/01/20 v2.17e AMS math features
\@mathmargin=\skip49
For additional information on amsmath, use the `?' option.
(/usr/share/texlive/texmf-dist/tex/latex/amsmath/amstext.sty
Package: amstext 2000/06/29 v2.01 AMS text
(/usr/share/texlive/texmf-dist/tex/latex/amsmath/amsgen.sty
File: amsgen.sty 1999/11/30 v2.0 generic functions
\@emptytoks=\toks14
\ex@=\dimen143
)) (/usr/share/texlive/texmf-dist/tex/latex/amsmath/amsbsy.sty
Package: amsbsy 1999/11/29 v1.2d Bold Symbols
\pmbraise@=\dimen144
) (/usr/share/texlive/texmf-dist/tex/latex/amsmath/amsopn.sty
Package: amsopn 2016/03/08 v2.02 operator names
)
\inf@bad=\count177
LaTeX Info: Redefining \frac on input line 227.
\uproot@=\count178
\leftroot@=\count179
LaTeX Info: Redefining \overline on input line 389.
\classnum@=\count180
\DOTSCASE@=\count181
LaTeX Info: Redefining \ldots on input line 486.
LaTeX Info: Redefining \dots on input line 489.
LaTeX Info: Redefining \cdots on input line 610.
\Mathstrutbox@=\box91
\strutbox@=\box92
\big@size=\dimen145
LaTeX Font Info:    Redeclaring font encoding OML on input line 733.
LaTeX Font Info:    Redeclaring font encoding OMS on input line 734.
\macc@depth=\count182
\c@MaxMatrixCols=\count183
\dotsspace@=\muskip16
\c@parentequation=\count184
\dspbrk@lvl=\count185
\tag@help=\toks15
\row@=\count186
\column@=\count187
\maxfields@=\count188
\andhelp@=\toks16
\eqnshift@=\dimen146
\alignsep@=\dimen147
\tagshift@=\dimen148
\tagwidth@=\dimen149
\totwidth@=\dimen150
\lineht@=\dimen151
\@envbody=\toks17
\multlinegap=\skip50
\multlinetaggap=\skip51
\mathdisplay@stack=\toks18
LaTeX Info: Redefining \[ on input line 2859.
LaTeX Info: Redefining \] on input line 2860.
)
Journal Selected: THE AMERICAN ECONOMIC REVIEW
Mode Selected: final
\abstractIndent=\skip52
\abstractWidth=\skip53
\c@part=\count189
\c@section=\count190
\c@subsection=\count191
\c@subsubsection=\count192
\c@paragraph=\count193
\c@subparagraph=\count194
\c@figure=\count195
\c@table=\count196
\abovecaptionskip=\skip54
\belowcaptionskip=\skip55
\bibindent=\dimen152
) (/usr/share/texlive/texmf-dist/tex/latex/natbib/natbib.sty
Package: natbib 2010/09/13 8.31b (PWD, AO)
\bibhang=\skip56
\bibsep=\skip57
LaTeX Info: Redefining \cite on input line 694.
\c@NAT@ctr=\count197
) (/usr/share/texlive/texmf-dist/tex/latex/graphics/color.sty
Package: color 2019/11/23 v1.2a Standard LaTeX Color (DPC)
(/usr/share/texlive/texmf-dist/tex/latex/graphics-cfg/color.cfg
File: color.cfg 2016/01/02 v1.6 sample color configuration
)
Package color Info: Driver file: pdftex.def on input line 147.
(/usr/share/texlive/texmf-dist/tex/latex/graphics-def/pdftex.def
File: pdftex.def 2018/01/08 v1.0l Graphics/color driver for pdftex
)) (/usr/share/texlive/texmf-dist/tex/latex/fancyvrb/fancyvrb.sty
Package: fancyvrb 2020/01/13 v3.5 verbatim text (tvz,hv)
(/usr/share/texlive/texmf-dist/tex/latex/graphics/keyval.sty
Package: keyval 2014/10/28 v1.15 key=value parser (DPC)
\KV@toks@=\toks19
)
\FV@CodeLineNo=\count198
\FV@InFile=\read2
\FV@TabBox=\box93
\c@FancyVerbLine=\count199
\FV@StepNumber=\count266
\FV@OutFile=\write3
) (/usr/share/texlive/texmf-dist/tex/latex/framed/framed.sty
Package: framed 2011/10/22 v 0.96: framed or shaded text with page breaks
\OuterFrameSep=\skip58
\fb@frw=\dimen153
\fb@frh=\dimen154
\FrameRule=\dimen155
\FrameSep=\dimen156
) (/usr/share/texlive/texmf-dist/tex/latex/tools/longtable.sty
Package: longtable 2020/01/07 v4.13 Multi-page Table package (DPC)
\LTleft=\skip59
\LTright=\skip60
\LTpre=\skip61
\LTpost=\skip62
\LTchunksize=\count267
\LTcapwidth=\dimen157
\LT@head=\box94
\LT@firsthead=\box95
\LT@foot=\box96
\LT@lastfoot=\box97
\LT@cols=\count268
\LT@rows=\count269
\c@LT@tables=\count270
\c@LT@chunks=\count271
\LT@p@ftn=\toks20
) (/usr/share/texlive/texmf-dist/tex/latex/booktabs/booktabs.sty
Package: booktabs 2020/01/12 v1.61803398 Publication quality tables
\heavyrulewidth=\dimen158
\lightrulewidth=\dimen159
\cmidrulewidth=\dimen160
\belowrulesep=\dimen161
\belowbottomsep=\dimen162
\aboverulesep=\dimen163
\abovetopsep=\dimen164
\cmidrulesep=\dimen165
\cmidrulekern=\dimen166
\defaultaddspace=\dimen167
\@cmidla=\count272
\@cmidlb=\count273
\@aboverulesep=\dimen168
\@belowrulesep=\dimen169
\@thisruleclass=\count274
\@lastruleclass=\count275
\@thisrulewidth=\dimen170
) (/usr/share/texlive/texmf-dist/tex/latex/tools/array.sty
Package: array 2019/08/31 v2.4l Tabular extension package (FMi)
\col@sep=\dimen171
\ar@mcellbox=\box98
\extrarowheight=\dimen172
\NC@list=\toks21
\extratabsurround=\skip63
\backup@length=\skip64
\ar@cellbox=\box99
) (/usr/share/texlive/texmf-dist/tex/latex/tools/calc.sty
Package: calc 2017/05/25 v4.3 Infix arithmetic (KKT,FJ)
\calc@Acount=\count276
\calc@Bcount=\count277
\calc@Adimen=\dimen173
\calc@Bdimen=\dimen174
\calc@Askip=\skip65
\calc@Bskip=\skip66
LaTeX Info: Redefining \setlength on input line 80.
LaTeX Info: Redefining \addtolength on input line 81.
\calc@Ccount=\count278
\calc@Cskip=\skip67
) (/usr/share/texlive/texmf-dist/tex/latex/etoolbox/etoolbox.sty
Package: etoolbox 2019/09/21 v2.5h e-TeX tools for LaTeX (JAW)
\etb@tempcnta=\count279
) (/usr/share/texlive/texmf-dist/tex/latex/footnotehyper/footnotehyper.sty
Package: footnotehyper 2019/11/07 v1.1a hyperref aware footnote.sty (JFB)
\FNH@notes=\box100
\FNH@width=\dimen175
) (/usr/share/texlive/texmf-dist/tex/latex/graphics/graphicx.sty
Package: graphicx 2019/11/30 v1.2a Enhanced LaTeX Graphics (DPC,SPQR)
(/usr/share/texlive/texmf-dist/tex/latex/graphics/graphics.sty
Package: graphics 2019/11/30 v1.4a Standard LaTeX Graphics (DPC,SPQR)
(/usr/share/texlive/texmf-dist/tex/latex/graphics/trig.sty
Package: trig 2016/01/03 v1.10 sin cos tan (DPC)
) (/usr/share/texlive/texmf-dist/tex/latex/graphics-cfg/graphics.cfg
File: graphics.cfg 2016/06/04 v1.11 sample graphics configuration
)
Package graphics Info: Driver file: pdftex.def on input line 105.
)
\Gin@req@height=\dimen176
\Gin@req@width=\dimen177
) (/usr/share/texlive/texmf-dist/tex/latex/hyperref/hyperref.sty
Package: hyperref 2020/01/14 v7.00d Hypertext links for LaTeX
(/usr/share/texlive/texmf-dist/tex/generic/ltxcmds/ltxcmds.sty
Package: ltxcmds 2019/12/15 v1.24 LaTeX kernel commands for general use (HO)
) (/usr/share/texlive/texmf-dist/tex/generic/iftex/iftex.sty
Package: iftex 2019/11/07 v1.0c TeX engine tests
) (/usr/share/texlive/texmf-dist/tex/latex/pdftexcmds/pdftexcmds.sty
Package: pdftexcmds 2019/11/24 v0.31 Utility functions of pdfTeX for LuaTeX (HO
)
(/usr/share/texlive/texmf-dist/tex/generic/infwarerr/infwarerr.sty
Package: infwarerr 2019/12/03 v1.5 Providing info/warning/error messages (HO)
)
Package pdftexcmds Info: \pdf@primitive is available.
Package pdftexcmds Info: \pdf@ifprimitive is available.
Package pdftexcmds Info: \pdfdraftmode found.
) (/usr/share/texlive/texmf-dist/tex/generic/kvsetkeys/kvsetkeys.sty
Package: kvsetkeys 2019/12/15 v1.18 Key value parser (HO)
) (/usr/share/texlive/texmf-dist/tex/generic/kvdefinekeys/kvdefinekeys.sty
Package: kvdefinekeys 2019-12-19 v1.6 Define keys (HO)
) (/usr/share/texlive/texmf-dist/tex/generic/pdfescape/pdfescape.sty
Package: pdfescape 2019/12/09 v1.15 Implements pdfTeX's escape features (HO)
) (/usr/share/texlive/texmf-dist/tex/latex/hycolor/hycolor.sty
Package: hycolor 2020-01-27 v1.10 Color options for hyperref/bookmark (HO)
) (/usr/share/texlive/texmf-dist/tex/latex/letltxmacro/letltxmacro.sty
Package: letltxmacro 2019/12/03 v1.6 Let assignment for LaTeX macros (HO)
) (/usr/share/texlive/texmf-dist/tex/latex/auxhook/auxhook.sty
Package: auxhook 2019-12-17 v1.6 Hooks for auxiliary files (HO)
) (/usr/share/texlive/texmf-dist/tex/latex/kvoptions/kvoptions.sty
Package: kvoptions 2019/11/29 v3.13 Key value format for package options (HO)
)
\@linkdim=\dimen178
\Hy@linkcounter=\count280
\Hy@pagecounter=\count281
(/usr/share/texlive/texmf-dist/tex/latex/hyperref/pd1enc.def
File: pd1enc.def 2020/01/14 v7.00d Hyperref: PDFDocEncoding definition (HO)
Now handling font encoding PD1 ...
... no UTF-8 mapping file for font encoding PD1
) (/usr/share/texlive/texmf-dist/tex/generic/intcalc/intcalc.sty
Package: intcalc 2019/12/15 v1.3 Expandable calculations with integers (HO)
) (/usr/share/texlive/texmf-dist/tex/generic/etexcmds/etexcmds.sty
Package: etexcmds 2019/12/15 v1.7 Avoid name clashes with e-TeX commands (HO)
)
\Hy@SavedSpaceFactor=\count282
\pdfmajorversion=\count283
Package hyperref Info: Hyper figures OFF on input line 4547.
Package hyperref Info: Link nesting OFF on input line 4552.
Package hyperref Info: Hyper index ON on input line 4555.
Package hyperref Info: Plain pages OFF on input line 4562.
Package hyperref Info: Backreferencing OFF on input line 4567.
Package hyperref Info: Implicit mode ON; LaTeX internals redefined.
Package hyperref Info: Bookmarks ON on input line 4800.
\c@Hy@tempcnt=\count284
(/usr/share/texlive/texmf-dist/tex/latex/url/url.sty
\Urlmuskip=\muskip17
Package: url 2013/09/16  ver 3.4  Verb mode for urls, etc.
)
LaTeX Info: Redefining \url on input line 5159.
\XeTeXLinkMargin=\dimen179
(/usr/share/texlive/texmf-dist/tex/generic/bitset/bitset.sty
Package: bitset 2019/12/09 v1.3 Handle bit-vector datatype (HO)
(/usr/share/texlive/texmf-dist/tex/generic/bigintcalc/bigintcalc.sty
Package: bigintcalc 2019/12/15 v1.5 Expandable calculations on big integers (HO
)
))
\Fld@menulength=\count285
\Field@Width=\dimen180
\Fld@charsize=\dimen181
Package hyperref Info: Hyper figures OFF on input line 6430.
Package hyperref Info: Link nesting OFF on input line 6435.
Package hyperref Info: Hyper index ON on input line 6438.
Package hyperref Info: backreferencing OFF on input line 6445.
Package hyperref Info: Link coloring OFF on input line 6450.
Package hyperref Info: Link coloring with OCG OFF on input line 6455.
Package hyperref Info: PDF/A mode OFF on input line 6460.
LaTeX Info: Redefining \ref on input line 6500.
LaTeX Info: Redefining \pageref on input line 6504.
(/usr/share/texlive/texmf-dist/tex/generic/atbegshi/atbegshi.sty
Package: atbegshi 2019/12/05 v1.19 At begin shipout hook (HO)
)
\Hy@abspage=\count286
\c@Item=\count287
\c@Hfootnote=\count288
)
Package hyperref Info: Driver (autodetected): hpdftex.
(/usr/share/texlive/texmf-dist/tex/latex/hyperref/hpdftex.def
File: hpdftex.def 2020/01/14 v7.00d Hyperref driver for pdfTeX
(/usr/share/texlive/texmf-dist/tex/latex/atveryend/atveryend.sty
Package: atveryend 2019-12-11 v1.11 Hooks at the very end of document (HO)
)
\Fld@listcount=\count289
\c@bookmark@seq@number=\count290
(/usr/share/texlive/texmf-dist/tex/latex/rerunfilecheck/rerunfilecheck.sty
Package: rerunfilecheck 2019/12/05 v1.9 Rerun checks for auxiliary files (HO)
(/usr/share/texlive/texmf-dist/tex/generic/uniquecounter/uniquecounter.sty
Package: uniquecounter 2019/12/15 v1.4 Provide unlimited unique counter (HO)
)
Package uniquecounter Info: New unique counter `rerunfilecheck' on input line 2
86.
)
\Hy@SectionHShift=\skip68
) (/usr/share/texlive/texmf-dist/tex/latex/l3backend/l3backend-pdfmode.def
File: l3backend-pdfmode.def 2020-02-03 L3 backend support: PDF mode
\l__kernel_color_stack_int=\count291
\l__pdf_internal_box=\box101
) (./co2_1997_Qian.aux

LaTeX Warning: Label `eq:one' multiply defined.

)
\openout1 = `co2_1997_Qian.aux'.

LaTeX Font Info:    Checking defaults for OML/cmm/m/it on input line 90.
LaTeX Font Info:    ... okay on input line 90.
LaTeX Font Info:    Checking defaults for OMS/cmsy/m/n on input line 90.
LaTeX Font Info:    ... okay on input line 90.
LaTeX Font Info:    Checking defaults for OT1/cmr/m/n on input line 90.
LaTeX Font Info:    ... okay on input line 90.
LaTeX Font Info:    Checking defaults for T1/cmr/m/n on input line 90.
LaTeX Font Info:    ... okay on input line 90.
LaTeX Font Info:    Checking defaults for TS1/cmr/m/n on input line 90.
LaTeX Font Info:    ... okay on input line 90.
LaTeX Font Info:    Checking defaults for OMX/cmex/m/n on input line 90.
LaTeX Font Info:    ... okay on input line 90.
LaTeX Font Info:    Checking defaults for U/cmr/m/n on input line 90.
LaTeX Font Info:    ... okay on input line 90.
LaTeX Font Info:    Checking defaults for PD1/pdf/m/n on input line 90.
LaTeX Font Info:    ... okay on input line 90.
(/usr/share/texlive/texmf-dist/tex/context/base/mkii/supp-pdf.mkii
[Loading MPS to PDF converter (version 2006.09.02).]
\scratchcounter=\count292
\scratchdimen=\dimen182
\scratchbox=\box102
\nofMPsegments=\count293
\nofMParguments=\count294
\everyMPshowfont=\toks22
\MPscratchCnt=\count295
\MPscratchDim=\dimen183
\MPnumerator=\count296
\makeMPintoPDFobject=\count297
\everyMPtoPDFconversion=\toks23
) (/usr/share/texlive/texmf-dist/tex/latex/epstopdf-pkg/epstopdf-base.sty
Package: epstopdf-base 2020-01-24 v2.11 Base part for package epstopdf
Package epstopdf-base Info: Redefining graphics rule for `.eps' on input line 4
85.
(/usr/share/texlive/texmf-dist/tex/latex/latexconfig/epstopdf-sys.cfg
File: epstopdf-sys.cfg 2010/07/13 v1.3 Configuration of (r)epstopdf for TeX Liv
e
))
\AtBeginShipoutBox=\box103
Package hyperref Info: Link coloring OFF on input line 90.
(/usr/share/texlive/texmf-dist/tex/latex/hyperref/nameref.sty
Package: nameref 2019/09/16 v2.46 Cross-referencing by name of section
(/usr/share/texlive/texmf-dist/tex/latex/refcount/refcount.sty
Package: refcount 2019/12/15 v3.6 Data extraction from label references (HO)
) (/usr/share/texlive/texmf-dist/tex/generic/gettitlestring/gettitlestring.sty
Package: gettitlestring 2019/12/15 v1.6 Cleanup title references (HO)
)
\c@section@level=\count298
)
LaTeX Info: Redefining \ref on input line 90.
LaTeX Info: Redefining \pageref on input line 90.
LaTeX Info: Redefining \nameref on input line 90.
(./co2_1997_Qian.out) (./co2_1997_Qian.out)
\@outlinefile=\write4
\openout4 = `co2_1997_Qian.out'.

LaTeX Font Info:    Calculating math sizes for size <14> on input line 141.
[1

{/var/lib/texmf/fonts/map/pdftex/updmap/pdftex.map}]
<co2_1997_Qian_files/figure-latex/EDA plots-1.pdf, id=30, 458.71375pt x 305.14p
t>
File: co2_1997_Qian_files/figure-latex/EDA plots-1.pdf Graphic file (type pdf)
<use co2_1997_Qian_files/figure-latex/EDA plots-1.pdf>
Package pdftex.def Info: co2_1997_Qian_files/figure-latex/EDA plots-1.pdf  used
 on input line 201.
(pdftex.def)             Requested size: 458.71263pt x 305.13924pt.

Overfull \hbox (83.1778pt too wide) in paragraph at lines 201--202
[][] 
 []


Underfull \vbox (badness 10000) has occurred while \output is active []

[2]
<co2_1997_Qian_files/figure-latex/seaonal grap-1.pdf, id=40, 457.71pt x 313.17p
t>
File: co2_1997_Qian_files/figure-latex/seaonal grap-1.pdf Graphic file (type pd
f)
<use co2_1997_Qian_files/figure-latex/seaonal grap-1.pdf>
Package pdftex.def Info: co2_1997_Qian_files/figure-latex/seaonal grap-1.pdf  u
sed on input line 207.
(pdftex.def)             Requested size: 457.7089pt x 313.16922pt.

Overfull \hbox (82.17406pt too wide) in paragraph at lines 207--208
[][] 
 []


Underfull \vbox (badness 10000) has occurred while \output is active []

[3 <./co2_1997_Qian_files/figure-latex/EDA plots-1.pdf>]
<co2_1997_Qian_files/figure-latex/decompose plot-1.pdf, id=52, 441.65pt x 290.0
8376pt>
File: co2_1997_Qian_files/figure-latex/decompose plot-1.pdf Graphic file (type 
pdf)
<use co2_1997_Qian_files/figure-latex/decompose plot-1.pdf>
Package pdftex.def Info: co2_1997_Qian_files/figure-latex/decompose plot-1.pdf 
 used on input line 212.
(pdftex.def)             Requested size: 441.64891pt x 290.08304pt.

Overfull \hbox (66.11407pt too wide) in paragraph at lines 212--213
[][] 
 []


Underfull \vbox (badness 10000) has occurred while \output is active []

[4 <./co2_1997_Qian_files/figure-latex/seaonal grap-1.pdf>]
LaTeX Font Info:    Trying to load font information for OML+cmtt on input line 
236.
LaTeX Font Info:    No file OMLcmtt.fd. on input line 236.

LaTeX Font Warning: Font shape `OML/cmtt/m/n' undefined
(Font)              using `OML/cmm/m/it' instead
(Font)              for symbol `textless' on input line 236.

<co2_1997_Qian_files/figure-latex/linear model residuals-1.pdf, id=65, 463.7325
pt x 316.18124pt>
File: co2_1997_Qian_files/figure-latex/linear model residuals-1.pdf Graphic fil
e (type pdf)
<use co2_1997_Qian_files/figure-latex/linear model residuals-1.pdf>
Package pdftex.def Info: co2_1997_Qian_files/figure-latex/linear model residual
s-1.pdf  used on input line 242.
(pdftex.def)             Requested size: 463.73135pt x 316.18047pt.

Overfull \hbox (88.19652pt too wide) in paragraph at lines 242--243
[][] 
 []

[5 <./co2_1997_Qian_files/figure-latex/decompose plot-1.pdf>] [6 <./co2_1997_Qi
an_files/figure-latex/linear model residuals-1.pdf>]
<co2_1997_Qian_files/figure-latex/seasonalized model residulas-1.pdf, id=95, 46
3.7325pt x 316.18124pt>
File: co2_1997_Qian_files/figure-latex/seasonalized model residulas-1.pdf Graph
ic file (type pdf)
<use co2_1997_Qian_files/figure-latex/seasonalized model residulas-1.pdf>
Package pdftex.def Info: co2_1997_Qian_files/figure-latex/seasonalized model re
sidulas-1.pdf  used on input line 289.
(pdftex.def)             Requested size: 463.73135pt x 316.18047pt.

Overfull \hbox (88.19652pt too wide) in paragraph at lines 289--290
[][] 
 []

[7 <./co2_1997_Qian_files/figure-latex/seasonalized model residulas-1.pdf>]
<co2_1997_Qian_files/figure-latex/Quad model residuals-1.pdf, id=108, 463.7325p
t x 316.18124pt>
File: co2_1997_Qian_files/figure-latex/Quad model residuals-1.pdf Graphic file 
(type pdf)
<use co2_1997_Qian_files/figure-latex/Quad model residuals-1.pdf>
Package pdftex.def Info: co2_1997_Qian_files/figure-latex/Quad model residuals-
1.pdf  used on input line 313.
(pdftex.def)             Requested size: 463.73135pt x 316.18047pt.

Overfull \hbox (88.19652pt too wide) in paragraph at lines 313--314
[][] 
 []

[8 <./co2_1997_Qian_files/figure-latex/Quad model residuals-1.pdf>]
<co2_1997_Qian_files/figure-latex/Quad model with seasonality residuals-1.pdf, 
id=121, 463.7325pt x 316.18124pt>
File: co2_1997_Qian_files/figure-latex/Quad model with seasonality residuals-1.
pdf Graphic file (type pdf)
<use co2_1997_Qian_files/figure-latex/Quad model with seasonality residuals-1.p
df>
Package pdftex.def Info: co2_1997_Qian_files/figure-latex/Quad model with seaso
nality residuals-1.pdf  used on input line 328.
(pdftex.def)             Requested size: 463.73135pt x 316.18047pt.

Overfull \hbox (88.19652pt too wide) in paragraph at lines 328--329
[][] 
 []

<co2_1997_Qian_files/figure-latex/unnamed-chunk-1-1.pdf, id=122, 457.71pt x 421
.575pt>
File: co2_1997_Qian_files/figure-latex/unnamed-chunk-1-1.pdf Graphic file (type
 pdf)
<use co2_1997_Qian_files/figure-latex/unnamed-chunk-1-1.pdf>
Package pdftex.def Info: co2_1997_Qian_files/figure-latex/unnamed-chunk-1-1.pdf
  used on input line 334.
(pdftex.def)             Requested size: 457.7089pt x 421.57396pt.

Overfull \hbox (82.17406pt too wide) in paragraph at lines 334--335
[][] 
 []


Underfull \vbox (badness 10000) has occurred while \output is active []

[9 <./co2_1997_Qian_files/figure-latex/Quad model with seasonality residuals-1.
pdf>] [10 <./co2_1997_Qian_files/figure-latex/unnamed-chunk-1-1.pdf>]
<co2_1997_Qian_files/figure-latex/linear log models, -1.pdf, id=145, 465.74pt x
 176.66pt>
File: co2_1997_Qian_files/figure-latex/linear log models, -1.pdf Graphic file (
type pdf)
<use co2_1997_Qian_files/figure-latex/linear log models, -1.pdf>
Package pdftex.def Info: co2_1997_Qian_files/figure-latex/linear log models, -1
.pdf  used on input line 408.
(pdftex.def)             Requested size: 465.73886pt x 176.65956pt.

Overfull \hbox (90.20403pt too wide) in paragraph at lines 408--409
[][] 
 []


Underfull \vbox (badness 10000) has occurred while \output is active []

[11]
<co2_1997_Qian_files/figure-latex/linear seasonal log transform-1.pdf, id=153, 
463.7325pt x 176.66pt>
File: co2_1997_Qian_files/figure-latex/linear seasonal log transform-1.pdf Grap
hic file (type pdf)
<use co2_1997_Qian_files/figure-latex/linear seasonal log transform-1.pdf>
Package pdftex.def Info: co2_1997_Qian_files/figure-latex/linear seasonal log t
ransform-1.pdf  used on input line 410.
(pdftex.def)             Requested size: 463.73135pt x 176.65956pt.

Overfull \hbox (88.19652pt too wide) in paragraph at lines 410--411
[][] 
 []

<co2_1997_Qian_files/figure-latex/quad log transform-1.pdf, id=154, 463.7325pt 
x 176.66pt>
File: co2_1997_Qian_files/figure-latex/quad log transform-1.pdf Graphic file (t
ype pdf)
<use co2_1997_Qian_files/figure-latex/quad log transform-1.pdf>
Package pdftex.def Info: co2_1997_Qian_files/figure-latex/quad log transform-1.
pdf  used on input line 412.
(pdftex.def)             Requested size: 463.73135pt x 176.65956pt.

Overfull \hbox (88.19652pt too wide) in paragraph at lines 412--413
[][] 
 []

<co2_1997_Qian_files/figure-latex/quad seasonal log transform-1.pdf, id=155, 46
3.7325pt x 176.66pt>
File: co2_1997_Qian_files/figure-latex/quad seasonal log transform-1.pdf Graphi
c file (type pdf)
<use co2_1997_Qian_files/figure-latex/quad seasonal log transform-1.pdf>
Package pdftex.def Info: co2_1997_Qian_files/figure-latex/quad seasonal log tra
nsform-1.pdf  used on input line 414.
(pdftex.def)             Requested size: 463.73135pt x 176.65956pt.

Overfull \hbox (88.19652pt too wide) in paragraph at lines 414--415
[][] 
 []


Underfull \vbox (badness 10000) has occurred while \output is active []

[12 <./co2_1997_Qian_files/figure-latex/linear log models, -1.pdf> <./co2_1997_
Qian_files/figure-latex/linear seasonal log transform-1.pdf> <./co2_1997_Qian_f
iles/figure-latex/quad log transform-1.pdf>]
LaTeX Font Info:    Trying to load font information for TS1+cmtt on input line 
430.
(/usr/share/texlive/texmf-dist/tex/latex/base/ts1cmtt.fd
File: ts1cmtt.fd 2019/12/16 v2.5j Standard LaTeX font definitions
)
<co2_1997_Qian_files/figure-latex/Forecast till 2020-1.pdf, id=182, 457.71pt x 
316.18124pt>
File: co2_1997_Qian_files/figure-latex/Forecast till 2020-1.pdf Graphic file (t
ype pdf)
<use co2_1997_Qian_files/figure-latex/Forecast till 2020-1.pdf>
Package pdftex.def Info: co2_1997_Qian_files/figure-latex/Forecast till 2020-1.
pdf  used on input line 438.
(pdftex.def)             Requested size: 457.7089pt x 316.18047pt.

Overfull \hbox (82.17406pt too wide) in paragraph at lines 438--439
[][] 
 []


Underfull \vbox (badness 10000) has occurred while \output is active []

[13 <./co2_1997_Qian_files/figure-latex/quad seasonal log transform-1.pdf>]
<co2_1997_Qian_files/figure-latex/unnamed-chunk-2-1.pdf, id=197, 459.7175pt x 3
16.18124pt>
File: co2_1997_Qian_files/figure-latex/unnamed-chunk-2-1.pdf Graphic file (type
 pdf)
<use co2_1997_Qian_files/figure-latex/unnamed-chunk-2-1.pdf>
Package pdftex.def Info: co2_1997_Qian_files/figure-latex/unnamed-chunk-2-1.pdf
  used on input line 452.
(pdftex.def)             Requested size: 459.71637pt x 316.18047pt.

Overfull \hbox (84.18153pt too wide) in paragraph at lines 452--453
[][] 
 []


Underfull \vbox (badness 10000) has occurred while \output is active []

[14 <./co2_1997_Qian_files/figure-latex/Forecast till 2020-1.pdf>] [15 <./co2_1
997_Qian_files/figure-latex/unnamed-chunk-2-1.pdf>]
Overfull \hbox (74.36018pt too wide) in paragraph at lines 509--509
[]\OT1/cmtt/m/n/10.95 ## Warning in report.mdl_df(.): Model reporting is only s
upported for individual[] 
 []


Overfull \hbox (80.10887pt too wide) in paragraph at lines 509--509
[]\OT1/cmtt/m/n/10.95 ## models, so a glance will be shown. To see the report f
or a specific model, use[] 
 []


Overfull \hbox (131.84706pt too wide) in paragraph at lines 559--559
[]\OT1/cmtt/m/n/10.95 ## .f(x = ..1, order = ..2, seasonal = ..3, xreg = ..4, i
nclude.mean = FALSE, fixed = ..7,[] 
 []

[16]
<co2_1997_Qian_files/figure-latex/Best ARIMA model residual-1.pdf, id=228, 463.
7325pt x 316.18124pt>
File: co2_1997_Qian_files/figure-latex/Best ARIMA model residual-1.pdf Graphic 
file (type pdf)
<use co2_1997_Qian_files/figure-latex/Best ARIMA model residual-1.pdf>
Package pdftex.def Info: co2_1997_Qian_files/figure-latex/Best ARIMA model resi
dual-1.pdf  used on input line 573.
(pdftex.def)             Requested size: 463.73135pt x 316.18047pt.

Overfull \hbox (88.19652pt too wide) in paragraph at lines 573--574
[][] 
 []


Overfull \hbox (33.15114pt too wide) in paragraph at lines 575--579
\OT1/cmr/m/n/10.95 strong ev-i-dence that we have white noise resid-u-als and t
hat the ARIMA(0,1,3),(0,1,1)(12)
 []

[17 <./co2_1997_Qian_files/figure-latex/Best ARIMA model residual-1.pdf>]
<co2_1997_Qian_files/figure-latex/ARIMA Forecast till 2020-1.pdf, id=240, 457.7
1pt x 316.18124pt>
File: co2_1997_Qian_files/figure-latex/ARIMA Forecast till 2020-1.pdf Graphic f
ile (type pdf)
<use co2_1997_Qian_files/figure-latex/ARIMA Forecast till 2020-1.pdf>
Package pdftex.def Info: co2_1997_Qian_files/figure-latex/ARIMA Forecast till 2
020-1.pdf  used on input line 600.
(pdftex.def)             Requested size: 457.7089pt x 316.18047pt.

Overfull \hbox (82.17406pt too wide) in paragraph at lines 600--601
[][] 
 []

[18 <./co2_1997_Qian_files/figure-latex/ARIMA Forecast till 2020-1.pdf>]
<co2_1997_Qian_files/figure-latex/ARIMA forecast plot-1.pdf, id=254, 456.70625p
t x 313.17pt>
File: co2_1997_Qian_files/figure-latex/ARIMA forecast plot-1.pdf Graphic file (
type pdf)
<use co2_1997_Qian_files/figure-latex/ARIMA forecast plot-1.pdf>
Package pdftex.def Info: co2_1997_Qian_files/figure-latex/ARIMA forecast plot-1
.pdf  used on input line 610.
(pdftex.def)             Requested size: 456.70512pt x 313.16922pt.

Overfull \hbox (81.17029pt too wide) in paragraph at lines 610--611
[][] 
 []


Overfull \hbox (1.72386pt too wide) in paragraph at lines 626--627
 []\OT1/cmr/m/n/10.95 .mean
 []

[19 <./co2_1997_Qian_files/figure-latex/ARIMA forecast plot-1.pdf>]
Overfull \hbox (78.46188pt too wide) in paragraph at lines 675--688
\OT1/cmr/m/n/10.95 model resid-u-als. There-fore, the most plau-si-ble model th
at we es-ti-mate is ARIMA(0,1,3),(0,1,1)(12)
 []

No file co2_1997_Qian.bbl.
Package atveryend Info: Empty hook `BeforeClearDocument' on input line 696.
[20]
Package atveryend Info: Empty hook `AfterLastShipout' on input line 696.
(./co2_1997_Qian.aux)
Package atveryend Info: Executing hook `AtVeryEndDocument' on input line 696.
Package atveryend Info: Executing hook `AtEndAfterFileList' on input line 696.
Package rerunfilecheck Info: File `co2_1997_Qian.out' has not changed.
(rerunfilecheck)             Checksum: D41D8CD98F00B204E9800998ECF8427E;0.

LaTeX Font Warning: Some font shapes were not available, defaults substituted.


LaTeX Warning: There were multiply-defined labels.

 ) 
Here is how much of TeX's memory you used:
 7713 strings out of 483172
 118480 string characters out of 5965733
 389618 words of memory out of 5000000
 22524 multiletter control sequences out of 15000+600000
 541516 words of font info for 56 fonts, out of 8000000 for 9000
 14 hyphenation exceptions out of 8191
 38i,7n,29p,791b,453s stack positions out of 5000i,500n,10000p,200000b,80000s
 </home/rstudio/.texlive2019/texmf-var/fonts/pk/ljfour/jknappen/ec/tctt1095.6
00pk> </home/rstudio/.texlive2019/texmf-var/fonts/pk/ljfour/jknappen/ec/tcrm060
0.600pk> </home/rstudio/.texlive2019/texmf-var/fonts/pk/ljfour/jknappen/ec/tcrm
0800.600pk></usr/share/texlive/texmf-dist/fonts/type1/public/amsfonts/cm/cmbx10
.pfb></usr/share/texlive/texmf-dist/fonts/type1/public/amsfonts/cm/cmcsc10.pfb>
</usr/share/texlive/texmf-dist/fonts/type1/public/amsfonts/cm/cmitt10.pfb></usr
/share/texlive/texmf-dist/fonts/type1/public/amsfonts/cm/cmmi10.pfb></usr/share
/texlive/texmf-dist/fonts/type1/public/amsfonts/cm/cmmi12.pfb></usr/share/texli
ve/texmf-dist/fonts/type1/public/amsfonts/cm/cmr10.pfb></usr/share/texlive/texm
f-dist/fonts/type1/public/amsfonts/cm/cmr8.pfb></usr/share/texlive/texmf-dist/f
onts/type1/public/amsfonts/cm/cmssbx10.pfb></usr/share/texlive/texmf-dist/fonts
/type1/public/amsfonts/cm/cmti10.pfb></usr/share/texlive/texmf-dist/fonts/type1
/public/amsfonts/cm/cmti8.pfb></usr/share/texlive/texmf-dist/fonts/type1/public
/amsfonts/cm/cmtt10.pfb>
Output written on co2_1997_Qian.pdf (20 pages, 681986 bytes).
PDF statistics:
 338 PDF objects out of 1000 (max. 8388607)
 247 compressed objects within 3 object streams
 51 named destinations out of 1000 (max. 500000)
 86 words of extra memory for PDF output out of 10000 (max. 10000000)

